<?xml version="1.0" encoding="UTF-8"?>
<!-- Generated by org.testng.reporters.JUnitXMLReporter -->
<testsuite hostname="DESKTOP-6KLJ13R" name="test IE" tests="2" failures="1" timestamp="29 Nov 2015 19:55:15 GMT" time="591.34" errors="0">
  <testcase name="signInSuccessfull" time="208.383" classname="test.Autentification"/>
  <testcase name="test2" time="377.056" classname="test.DriverReachTest2">
    <failure type="com.codeborne.selenide.ex.ElementShould" message="Element should be hidden {By.id: dr-modal}
Element: &amp;apos;&amp;lt;div class=&amp;quot;modal fade in&amp;quot; id=&amp;quot;dr-modal&amp;quot;&amp;gt;×
Checkout
Complete the payment information
Name of card
Card number
Expiration date
5 - May
2015
Your card&amp;apos;s expiration month is invalid.
CVV&amp;lt;/div&amp;gt;&amp;apos;">
      <![CDATA[Element should be hidden {By.id: dr-modal}
Element: '<div class="modal fade in" id="dr-modal">×
Checkout
Complete the payment information
Name of card
Card number
Expiration date
5 - May
2015
Your card's expiration month is invalid.
CVV</div>'
Screenshot: file:/C:/Users/Admin/Desktop/Papka/Home_driverreach/build/reports/tests/1448826894403.0.png
Timeout: 10 s.
	at com.codeborne.selenide.impl.AbstractSelenideElement.checkCondition(AbstractSelenideElement.java:554)
	at com.codeborne.selenide.impl.AbstractSelenideElement.should(AbstractSelenideElement.java:521)
	at com.codeborne.selenide.impl.AbstractSelenideElement.invokeShould(AbstractSelenideElement.java:309)
	at com.codeborne.selenide.impl.AbstractSelenideElement.dispatchSelenideMethod(AbstractSelenideElement.java:183)
	at com.codeborne.selenide.impl.AbstractSelenideElement.dispatchAndRetry(AbstractSelenideElement.java:90)
	at com.codeborne.selenide.impl.AbstractSelenideElement.invoke(AbstractSelenideElement.java:65)
	at com.codeborne.selenide.impl.WaitingSelenideElement.invoke(WaitingSelenideElement.java:19)
	at com.sun.proxy.$Proxy6.waitUntil(Unknown Source)
	at com.driverreach.pages.SettingsPage.creditCard(SettingsPage.java:91)
	at test.DriverReachTest2.test2(DriverReachTest2.java:37)
	at java.util.concurrent.FutureTask.run(FutureTask.java:266)
	at java.util.concurrent.ThreadPoolExecutor.runWorker(ThreadPoolExecutor.java:1142)
	at java.util.concurrent.ThreadPoolExecutor$Worker.run(ThreadPoolExecutor.java:617)
	at java.lang.Thread.run(Thread.java:745)
... Removed 16 stack frames]]>
    </failure>
  </testcase> <!-- test2 -->
</testsuite> <!-- test IE -->
