<?xml version="1.0" encoding="UTF-8"?>
<testng-results skipped="0" failed="0" total="4" passed="4">
  <reporter-output>
  </reporter-output>
  <suite name="suite" duration-ms="52805" started-at="2015-11-30T13:01:23Z" finished-at="2015-11-30T13:02:16Z">
    <groups>
      <group name="1">
        <method signature="Autentification.signInSuccessfull()[pri:1, instance:test.Autentification@6cd8737]" name="signInSuccessfull" class="test.Autentification"/>
        <method signature="Autentification.signInSuccessfull()[pri:1, instance:test.Autentification@13fee20c]" name="signInSuccessfull" class="test.Autentification"/>
      </group> <!-- 1 -->
    </groups>
    <test name="test Chrome" duration-ms="40296" started-at="2015-11-30T13:01:23Z" finished-at="2015-11-30T13:02:03Z">
      <class name="test.Autentification">
        <test-method status="PASS" signature="Before(java.lang.String)[pri:0, instance:test.Autentification@6cd8737]" name="Before" is-config="true" duration-ms="4302" started-at="2015-11-30T15:01:23Z" finished-at="2015-11-30T15:01:27Z">
          <params>
            <param index="0">
              <value>
                <![CDATA[chrome]]>
              </value>
            </param>
          </params>
          <reporter-output>
          </reporter-output>
        </test-method> <!-- Before -->
        <test-method status="PASS" signature="signInSuccessfull()[pri:1, instance:test.Autentification@6cd8737]" name="signInSuccessfull" duration-ms="10200" started-at="2015-11-30T15:01:27Z" finished-at="2015-11-30T15:01:37Z">
          <reporter-output>
          </reporter-output>
        </test-method> <!-- signInSuccessfull -->
        <test-method status="PASS" signature="quitTest()[pri:0, instance:test.Autentification@6cd8737]" name="quitTest" is-config="true" duration-ms="1522" started-at="2015-11-30T15:02:02Z" finished-at="2015-11-30T15:02:03Z">
          <reporter-output>
          </reporter-output>
        </test-method> <!-- quitTest -->
      </class> <!-- test.Autentification -->
      <class name="test.DriverReachTest2">
        <test-method status="PASS" signature="test2()[pri:1, instance:test.DriverReachTest2@22f71333]" name="test2" duration-ms="24267" started-at="2015-11-30T15:01:37Z" finished-at="2015-11-30T15:02:02Z">
          <reporter-output>
          </reporter-output>
        </test-method> <!-- test2 -->
      </class> <!-- test.DriverReachTest2 -->
    </test> <!-- test Chrome -->
    <test name="test IE" duration-ms="52805" started-at="2015-11-30T13:01:23Z" finished-at="2015-11-30T13:02:16Z">
      <class name="test.Autentification">
        <test-method status="PASS" signature="Before(java.lang.String)[pri:0, instance:test.Autentification@13fee20c]" name="Before" is-config="true" duration-ms="4219" started-at="2015-11-30T15:01:23Z" finished-at="2015-11-30T15:01:27Z">
          <params>
            <param index="0">
              <value>
                <![CDATA[internet explorer]]>
              </value>
            </param>
          </params>
          <reporter-output>
          </reporter-output>
        </test-method> <!-- Before -->
        <test-method status="PASS" signature="signInSuccessfull()[pri:1, instance:test.Autentification@13fee20c]" name="signInSuccessfull" duration-ms="10232" started-at="2015-11-30T15:01:27Z" finished-at="2015-11-30T15:01:37Z">
          <reporter-output>
          </reporter-output>
        </test-method> <!-- signInSuccessfull -->
        <test-method status="PASS" signature="quitTest()[pri:0, instance:test.Autentification@13fee20c]" name="quitTest" is-config="true" duration-ms="1276" started-at="2015-11-30T15:02:14Z" finished-at="2015-11-30T15:02:16Z">
          <reporter-output>
          </reporter-output>
        </test-method> <!-- quitTest -->
      </class> <!-- test.Autentification -->
      <class name="test.DriverReachTest2">
        <test-method status="PASS" signature="test2()[pri:1, instance:test.DriverReachTest2@4e04a765]" name="test2" duration-ms="37063" started-at="2015-11-30T15:01:37Z" finished-at="2015-11-30T15:02:14Z">
          <reporter-output>
          </reporter-output>
        </test-method> <!-- test2 -->
      </class> <!-- test.DriverReachTest2 -->
    </test> <!-- test IE -->
  </suite> <!-- suite -->
</testng-results>
