<?xml version="1.0" encoding="UTF-8"?>
<testsuite name="TestSuite" time="16.914" tests="4" errors="0" skipped="0" failures="1">
  <properties>
[...]
</properties>
  <testcase name="signInSuccessfull" classname="test.Autentification" time="9.323"/>
  <testcase name="signInSuccessfull" classname="test.Autentification" time="191.102"/>
  <testcase name="test2" classname="test.DriverReachTest2" time="7.591"/>
  <testcase name="test2" classname="test.DriverReachTest2" time="405.121">
    <failure message="Element should not be visible {By.xpath: .//*[@id=&apos;page-wrapper&apos;]/div[3]/div/div/div/div/div/div/h3}&#10;Element: &apos;&lt;h3&gt;You have no credit cards.&lt;/h3&gt;&apos;" type="com.codeborne.selenide.ex.ElementShouldNot"><![CDATA[com.codeborne.selenide.ex.ElementShouldNot: Element should not be visible {By.xpath: .//*[@id='page-wrapper']/div[3]/div/div/div/div/div/div/h3}
Element: '<h3>You have no credit cards.</h3>'
	at com.codeborne.selenide.impl.AbstractSelenideElement.checkCondition(AbstractSelenideElement.java:551)
	at com.codeborne.selenide.impl.AbstractSelenideElement.shouldNot(AbstractSelenideElement.java:565)
	at com.codeborne.selenide.impl.AbstractSelenideElement.shouldNot(AbstractSelenideElement.java:560)
	at com.codeborne.selenide.impl.AbstractSelenideElement.invokeShouldNot(AbstractSelenideElement.java:329)
	at com.codeborne.selenide.impl.AbstractSelenideElement.dispatchSelenideMethod(AbstractSelenideElement.java:201)
	at com.codeborne.selenide.impl.AbstractSelenideElement.dispatchAndRetry(AbstractSelenideElement.java:90)
	at com.codeborne.selenide.impl.AbstractSelenideElement.invoke(AbstractSelenideElement.java:65)
	at com.codeborne.selenide.impl.WaitingSelenideElement.invoke(WaitingSelenideElement.java:19)
	at com.sun.proxy.$Proxy6.shouldNotBe(Unknown Source)
	at com.driverreach.pages.SettingsPage.creditCard(SettingsPage.java:65)
	at test.DriverReachTest2.test2(DriverReachTest2.java:36)
]]></failure>
    <system-out><![CDATA[You have no credit cards.
]]></system-out>
  </testcase>
</testsuite>