<?xml version="1.0" encoding="UTF-8"?>
<testng-results skipped="0" failed="1" total="4" passed="3">
  <reporter-output>
  </reporter-output>
  <suite name="suite" duration-ms="591340" started-at="2015-11-29T19:45:24Z" finished-at="2015-11-29T19:55:15Z">
    <groups>
      <group name="1">
        <method signature="Autentification.signInSuccessfull()[pri:1, instance:test.Autentification@6cd8737]" name="signInSuccessfull" class="test.Autentification"/>
        <method signature="Autentification.signInSuccessfull()[pri:1, instance:test.Autentification@13fee20c]" name="signInSuccessfull" class="test.Autentification"/>
      </group> <!-- 1 -->
    </groups>
    <test name="test Chrome" duration-ms="50735" started-at="2015-11-29T19:45:24Z" finished-at="2015-11-29T19:46:14Z">
      <class name="test.Autentification">
        <test-method status="PASS" signature="Before(java.lang.String)[pri:0, instance:test.Autentification@6cd8737]" name="Before" is-config="true" duration-ms="4927" started-at="2015-11-29T21:45:24Z" finished-at="2015-11-29T21:45:29Z">
          <params>
            <param index="0">
              <value>
                <![CDATA[chrome]]>
              </value>
            </param>
          </params>
          <reporter-output>
          </reporter-output>
        </test-method> <!-- Before -->
        <test-method status="PASS" signature="signInSuccessfull()[pri:1, instance:test.Autentification@6cd8737]" name="signInSuccessfull" duration-ms="15021" started-at="2015-11-29T21:45:29Z" finished-at="2015-11-29T21:45:44Z">
          <reporter-output>
          </reporter-output>
        </test-method> <!-- signInSuccessfull -->
        <test-method status="PASS" signature="quitTest()[pri:0, instance:test.Autentification@6cd8737]" name="quitTest" is-config="true" duration-ms="1484" started-at="2015-11-29T21:46:13Z" finished-at="2015-11-29T21:46:14Z">
          <reporter-output>
          </reporter-output>
        </test-method> <!-- quitTest -->
      </class> <!-- test.Autentification -->
      <class name="test.DriverReachTest2">
        <test-method status="PASS" signature="test2()[pri:1, instance:test.DriverReachTest2@22f71333]" name="test2" duration-ms="29297" started-at="2015-11-29T21:45:44Z" finished-at="2015-11-29T21:46:13Z">
          <reporter-output>
          </reporter-output>
        </test-method> <!-- test2 -->
      </class> <!-- test.DriverReachTest2 -->
    </test> <!-- test Chrome -->
    <test name="test IE" duration-ms="591340" started-at="2015-11-29T19:45:24Z" finished-at="2015-11-29T19:55:15Z">
      <class name="test.Autentification">
        <test-method status="PASS" signature="Before(java.lang.String)[pri:0, instance:test.Autentification@13fee20c]" name="Before" is-config="true" duration-ms="4621" started-at="2015-11-29T21:45:24Z" finished-at="2015-11-29T21:45:28Z">
          <params>
            <param index="0">
              <value>
                <![CDATA[internet explorer]]>
              </value>
            </param>
          </params>
          <reporter-output>
          </reporter-output>
        </test-method> <!-- Before -->
        <test-method status="PASS" signature="signInSuccessfull()[pri:1, instance:test.Autentification@13fee20c]" name="signInSuccessfull" duration-ms="208383" started-at="2015-11-29T21:45:28Z" finished-at="2015-11-29T21:48:57Z">
          <reporter-output>
          </reporter-output>
        </test-method> <!-- signInSuccessfull -->
        <test-method status="PASS" signature="quitTest()[pri:0, instance:test.Autentification@13fee20c]" name="quitTest" is-config="true" duration-ms="1257" started-at="2015-11-29T21:55:14Z" finished-at="2015-11-29T21:55:15Z">
          <reporter-output>
          </reporter-output>
        </test-method> <!-- quitTest -->
      </class> <!-- test.Autentification -->
      <class name="test.DriverReachTest2">
        <test-method status="FAIL" signature="test2()[pri:1, instance:test.DriverReachTest2@4e04a765]" name="test2" duration-ms="377056" started-at="2015-11-29T21:48:57Z" finished-at="2015-11-29T21:55:14Z">
          <exception class="com.codeborne.selenide.ex.ElementShould">
            <message>
              <![CDATA[Element should be hidden {By.id: dr-modal}
Element: '<div class="modal fade in" id="dr-modal">×
Checkout
Complete the payment information
Name of card
Card number
Expiration date
5 - May
2015
Your card's expiration month is invalid.
CVV</div>']]>
            </message>
            <full-stacktrace>
              <![CDATA[Element should be hidden {By.id: dr-modal}
Element: '<div class="modal fade in" id="dr-modal">×
Checkout
Complete the payment information
Name of card
Card number
Expiration date
5 - May
2015
Your card's expiration month is invalid.
CVV</div>'
Screenshot: file:/C:/Users/Admin/Desktop/Papka/Home_driverreach/build/reports/tests/1448826894403.0.png
Timeout: 10 s.
	at com.codeborne.selenide.impl.AbstractSelenideElement.checkCondition(AbstractSelenideElement.java:554)
	at com.codeborne.selenide.impl.AbstractSelenideElement.should(AbstractSelenideElement.java:521)
	at com.codeborne.selenide.impl.AbstractSelenideElement.invokeShould(AbstractSelenideElement.java:309)
	at com.codeborne.selenide.impl.AbstractSelenideElement.dispatchSelenideMethod(AbstractSelenideElement.java:183)
	at com.codeborne.selenide.impl.AbstractSelenideElement.dispatchAndRetry(AbstractSelenideElement.java:90)
	at com.codeborne.selenide.impl.AbstractSelenideElement.invoke(AbstractSelenideElement.java:65)
	at com.codeborne.selenide.impl.WaitingSelenideElement.invoke(WaitingSelenideElement.java:19)
	at com.sun.proxy.$Proxy6.waitUntil(Unknown Source)
	at com.driverreach.pages.SettingsPage.creditCard(SettingsPage.java:91)
	at test.DriverReachTest2.test2(DriverReachTest2.java:37)
	at sun.reflect.NativeMethodAccessorImpl.invoke0(Native Method)
	at sun.reflect.NativeMethodAccessorImpl.invoke(NativeMethodAccessorImpl.java:62)
	at sun.reflect.DelegatingMethodAccessorImpl.invoke(DelegatingMethodAccessorImpl.java:43)
	at java.lang.reflect.Method.invoke(Method.java:497)
	at org.testng.internal.MethodInvocationHelper.invokeMethod(MethodInvocationHelper.java:85)
	at org.testng.internal.Invoker.invokeMethod(Invoker.java:639)
	at org.testng.internal.Invoker.invokeTestMethod(Invoker.java:816)
	at org.testng.internal.Invoker.invokeTestMethods(Invoker.java:1124)
	at org.testng.internal.TestMethodWorker.invokeTestMethods(TestMethodWorker.java:125)
	at org.testng.internal.TestMethodWorker.run(TestMethodWorker.java:108)
	at org.testng.TestRunner.privateRun(TestRunner.java:774)
	at org.testng.TestRunner.run(TestRunner.java:624)
	at org.testng.SuiteRunner.runTest(SuiteRunner.java:359)
	at org.testng.SuiteRunner.access$000(SuiteRunner.java:39)
	at org.testng.SuiteRunner$SuiteWorker.run(SuiteRunner.java:393)
	at org.testng.internal.thread.ThreadUtil$2.call(ThreadUtil.java:64)
	at java.util.concurrent.FutureTask.run(FutureTask.java:266)
	at java.util.concurrent.ThreadPoolExecutor.runWorker(ThreadPoolExecutor.java:1142)
	at java.util.concurrent.ThreadPoolExecutor$Worker.run(ThreadPoolExecutor.java:617)
	at java.lang.Thread.run(Thread.java:745)
]]>
            </full-stacktrace>
          </exception> <!-- com.codeborne.selenide.ex.ElementShould -->
          <reporter-output>
          </reporter-output>
        </test-method> <!-- test2 -->
      </class> <!-- test.DriverReachTest2 -->
    </test> <!-- test IE -->
  </suite> <!-- suite -->
</testng-results>
